# JRE version: Java(TM) SE Runtime Environment (17.0.1+12) (build 17.0.1+12-LTS-39)
# Java VM: Java HotSpot(TM) 64-Bit Server VM (17.0.1+12-LTS-39, mixed mode, sharing, tiered, compressed oops, compressed class ptrs, g1 gc, linux-amd64)
GC Precious Log:
 CPUs: 6 total, 6 available
 Memory: 15876M
 Large Page Support: Disabled
 NUMA Support: Disabled
 Compressed Oops: Enabled (Zero based)
 Heap Region Size: 2M
 Heap Min Capacity: 1G
 Heap Initial Capacity: 1G
 Heap Max Capacity: 3970M
 Pre-touch: Disabled
 Parallel Workers: 6
 Concurrent Workers: 2
 Concurrent Refinement Workers: 6
 Periodic GC: Disabled
Heap:
 garbage-first heap   total 1083392K, used 558052K [0x0000000707e00000, 0x0000000800000000)
  region size 2048K, 83 young (169984K), 23 survivors (47104K)
 Metaspace       used 69213K, committed 70208K, reserved 1114112K
  class space    used 6911K, committed 7296K, reserved 1048576K
GC Heap History (20 events):
Event: 1.291 GC heap before
{Heap before GC invocations=4 (full 0):
 garbage-first heap   total 1048576K, used 64974K [0x0000000707e00000, 0x0000000800000000)
  region size 2048K, 25 young (51200K), 5 survivors (10240K)
 Metaspace       used 30693K, committed 31424K, reserved 1081344K
  class space    used 3244K, committed 3584K, reserved 1048576K
}
Event: 1.300 GC heap after
{Heap after GC invocations=5 (full 0):
 garbage-first heap   total 1048576K, used 28738K [0x0000000707e00000, 0x0000000800000000)
  region size 2048K, 3 young (6144K), 3 survivors (6144K)
 Metaspace       used 30693K, committed 31424K, reserved 1081344K
  class space    used 3244K, committed 3584K, reserved 1048576K
}
Event: 1.521 GC heap before
{Heap before GC invocations=5 (full 0):
 garbage-first heap   total 1048576K, used 75842K [0x0000000707e00000, 0x0000000800000000)
  region size 2048K, 27 young (55296K), 3 survivors (6144K)
 Metaspace       used 35307K, committed 35968K, reserved 1081344K
  class space    used 3858K, committed 4160K, reserved 1048576K
}
Event: 1.525 GC heap after
{Heap after GC invocations=6 (full 0):
 garbage-first heap   total 1048576K, used 32813K [0x0000000707e00000, 0x0000000800000000)
  region size 2048K, 5 young (10240K), 5 survivors (10240K)
 Metaspace       used 35307K, committed 35968K, reserved 1081344K
  class space    used 3858K, committed 4160K, reserved 1048576K
}
Event: 2.437 GC heap before
{Heap before GC invocations=7 (full 0):
 garbage-first heap   total 1048576K, used 225325K [0x0000000707e00000, 0x0000000800000000)
  region size 2048K, 98 young (200704K), 5 survivors (10240K)
 Metaspace       used 53079K, committed 53952K, reserved 1097728K
  class space    used 5760K, committed 6080K, reserved 1048576K
}
Event: 2.451 GC heap after
{Heap after GC invocations=8 (full 0):
 garbage-first heap   total 1048576K, used 54297K [0x0000000707e00000, 0x0000000800000000)
  region size 2048K, 13 young (26624K), 13 survivors (26624K)
 Metaspace       used 53079K, committed 53952K, reserved 1097728K
  class space    used 5760K, committed 6080K, reserved 1048576K
}
Event: 2.481 GC heap before
{Heap before GC invocations=8 (full 0):
 garbage-first heap   total 1048576K, used 76825K [0x0000000707e00000, 0x0000000800000000)
  region size 2048K, 25 young (51200K), 13 survivors (26624K)
 Metaspace       used 53136K, committed 54016K, reserved 1097728K
  class space    used 5760K, committed 6080K, reserved 1048576K
}
Event: 2.494 GC heap after
{Heap after GC invocations=9 (full 0):
 garbage-first heap   total 1048576K, used 60477K [0x0000000707e00000, 0x0000000800000000)
  region size 2048K, 4 young (8192K), 4 survivors (8192K)
 Metaspace       used 53136K, committed 54016K, reserved 1097728K
  class space    used 5760K, committed 6080K, reserved 1048576K
}
Event: 12.714 GC heap before
{Heap before GC invocations=9 (full 0):
 garbage-first heap   total 1048576K, used 334909K [0x0000000707e00000, 0x0000000800000000)
  region size 2048K, 106 young (217088K), 4 survivors (8192K)
 Metaspace       used 59683K, committed 60608K, reserved 1105920K
  class space    used 6282K, committed 6656K, reserved 1048576K
}
Event: 12.726 GC heap after
{Heap after GC invocations=10 (full 0):
 garbage-first heap   total 1048576K, used 90019K [0x0000000707e00000, 0x0000000800000000)
  region size 2048K, 16 young (32768K), 16 survivors (32768K)
 Metaspace       used 59683K, committed 60608K, reserved 1105920K
  class space    used 6282K, committed 6656K, reserved 1048576K
}
Event: 26.411 GC heap before
{Heap before GC invocations=11 (full 0):
 garbage-first heap   total 1048576K, used 370595K [0x0000000707e00000, 0x0000000800000000)
  region size 2048K, 132 young (270336K), 16 survivors (32768K)
 Metaspace       used 62732K, committed 63680K, reserved 1105920K
  class space    used 6575K, committed 6976K, reserved 1048576K
}
Event: 26.452 GC heap after
{Heap after GC invocations=12 (full 0):
 garbage-first heap   total 1048576K, used 138174K [0x0000000707e00000, 0x0000000800000000)
  region size 2048K, 17 young (34816K), 17 survivors (34816K)
 Metaspace       used 62732K, committed 63680K, reserved 1105920K
  class space    used 6575K, committed 6976K, reserved 1048576K
}
Event: 26.607 GC heap before
{Heap before GC invocations=12 (full 0):
 garbage-first heap   total 1048576K, used 154558K [0x0000000707e00000, 0x0000000800000000)
  region size 2048K, 25 young (51200K), 17 survivors (34816K)
 Metaspace       used 62811K, committed 63744K, reserved 1105920K
  class space    used 6575K, committed 6976K, reserved 1048576K
}
Event: 26.619 GC heap after
{Heap after GC invocations=13 (full 0):
 garbage-first heap   total 1048576K, used 147428K [0x0000000707e00000, 0x0000000800000000)
  region size 2048K, 4 young (8192K), 4 survivors (8192K)
 Metaspace       used 62811K, committed 63744K, reserved 1105920K
  class space    used 6575K, committed 6976K, reserved 1048576K
}
Event: 93.956 GC heap before
{Heap before GC invocations=13 (full 0):
 garbage-first heap   total 1048576K, used 952292K [0x0000000707e00000, 0x0000000800000000)
  region size 2048K, 279 young (571392K), 4 survivors (8192K)
 Metaspace       used 65280K, committed 66304K, reserved 1114112K
  class space    used 6693K, committed 7104K, reserved 1048576K
}
Event: 93.996 GC heap after
{Heap after GC invocations=14 (full 0):
 garbage-first heap   total 1083392K, used 308196K [0x0000000707e00000, 0x0000000800000000)
  region size 2048K, 39 young (79872K), 39 survivors (79872K)
 Metaspace       used 65280K, committed 66304K, reserved 1114112K
  class space    used 6693K, committed 7104K, reserved 1048576K
}
Event: 118.909 GC heap before
{Heap before GC invocations=14 (full 0):
 garbage-first heap   total 1083392K, used 682980K [0x0000000707e00000, 0x0000000800000000)
  region size 2048K, 179 young (366592K), 39 survivors (79872K)
 Metaspace       used 68311K, committed 69312K, reserved 1114112K
  class space    used 6907K, committed 7296K, reserved 1048576K
}
Event: 118.934 GC heap after
{Heap after GC invocations=15 (full 0):
 garbage-first heap   total 1083392K, used 343012K [0x0000000707e00000, 0x0000000800000000)
  region size 2048K, 22 young (45056K), 22 survivors (45056K)
 Metaspace       used 68311K, committed 69312K, reserved 1114112K
  class space    used 6907K, committed 7296K, reserved 1048576K
}
Event: 145.260 GC heap before
{Heap before GC invocations=15 (full 0):
 garbage-first heap   total 1083392K, used 709604K [0x0000000707e00000, 0x0000000800000000)
  region size 2048K, 182 young (372736K), 22 survivors (45056K)
 Metaspace       used 68989K, committed 69952K, reserved 1114112K
  class space    used 6909K, committed 7296K, reserved 1048576K
}
Event: 145.277 GC heap after
{Heap after GC invocations=16 (full 0):
 garbage-first heap   total 1083392K, used 394212K [0x0000000707e00000, 0x0000000800000000)
  region size 2048K, 23 young (47104K), 23 survivors (47104K)
 Metaspace       used 68989K, committed 69952K, reserved 1114112K
  class space    used 6909K, committed 7296K, reserved 1048576K
}

